<?xml version="1.0" encoding="UTF-8"?>
<!-- Generated by org.testng.reporters.JUnitReportReporter -->
<testsuite hostname="romrobillos" failures="0" tests="1" name="testcase.Recruitment.CandidatesTest" time="14.446" errors="0" timestamp="2025-03-01T04:37:16 GMT+08:00" skipped="0">
  <testcase classname="testcase.Recruitment.CandidatesTest" name="TC0_Recruitment_Candidates_addCandidate_ToCancel" time="14.446"/>
</testsuite> <!-- testcase.Recruitment.CandidatesTest -->
