<?xml version="1.0" encoding="UTF-8"?>
<!-- Generated by org.testng.reporters.JUnitReportReporter -->
<testsuite hostname="romrobillos" failures="0" tests="1" name="testcase.PIM.ReportsTest" time="14.466" errors="0" timestamp="2025-03-29T13:27:43 GMT+08:00" skipped="0">
  <testcase classname="testcase.PIM.ReportsTest" name="TC0_PIM_Reports_isReportNameFiltered" time="14.466"/>
</testsuite> <!-- testcase.PIM.ReportsTest -->
