<?xml version="1.0" encoding="UTF-8"?>
<!-- Generated by org.testng.reporters.JUnitReportReporter -->
<testsuite hostname="romrobillos" failures="0" tests="1" name="testcase.PIM.AddEmployeeTest" time="22.245" errors="0" timestamp="2025-03-25T04:54:43 GMT+08:00" skipped="0">
  <testcase classname="testcase.PIM.AddEmployeeTest" name="TC0_PIM_EmployeeList_toAddEmployee" time="22.245"/>
</testsuite> <!-- testcase.PIM.AddEmployeeTest -->
