<?xml version="1.0" encoding="UTF-8"?>
<!-- Generated by org.testng.reporters.JUnitReportReporter -->
<testsuite hostname="romrobillos" failures="0" tests="1" name="testcase.PIM.ReportsTest" time="11.523" errors="0" timestamp="2025-03-30T03:36:33 GMT+08:00" skipped="0">
  <testcase classname="testcase.PIM.ReportsTest" name="TC0_PIM_EmployeeList_isEmployeeReportToggleWorking" time="11.523"/>
</testsuite> <!-- testcase.PIM.ReportsTest -->
