<?xml version="1.0" encoding="UTF-8"?>
<!-- Generated by org.testng.reporters.JUnitReportReporter -->
<testsuite hostname="romrobillos" failures="0" tests="1" name="testcase.LoginTest" time="8.836" errors="0" timestamp="2025-03-03T03:52:02 GMT+08:00" skipped="0">
  <testcase classname="testcase.LoginTest" name="TC007_toCancel" time="8.836"/>
</testsuite> <!-- testcase.LoginTest -->
