<?xml version="1.0" encoding="UTF-8"?>
<!-- Generated by org.testng.reporters.JUnitReportReporter -->
<testsuite hostname="romrobillos" failures="0" tests="1" name="testcase.Recruitment.CandidatesTest" time="13.193" errors="0" timestamp="2025-03-07T02:08:06 GMT+08:00" skipped="0">
  <testcase classname="testcase.Recruitment.CandidatesTest" name="TC0_Recruitment_Candidates_isDateFiltered" time="13.193"/>
</testsuite> <!-- testcase.Recruitment.CandidatesTest -->
