<?xml version="1.0" encoding="UTF-8"?>
<!-- Generated by org.testng.reporters.JUnitReportReporter -->
<testsuite hostname="romrobillos" failures="0" tests="1" name="testcase.MyInfo.EmergencyContactsTest" time="10.492" errors="0" timestamp="2025-03-04T04:37:33 GMT+08:00" skipped="0">
  <testcase classname="testcase.MyInfo.EmergencyContactsTest" name="TC0_MyInfo_EmergencyContacts_AddBtn" time="10.492"/>
</testsuite> <!-- testcase.MyInfo.EmergencyContactsTest -->
