<?xml version="1.0" encoding="UTF-8"?>
<!-- Generated by org.testng.reporters.JUnitReportReporter -->
<testsuite hostname="romrobillos" failures="0" tests="1" name="testcase.Recruitment.CandidatesTest" time="20.142" errors="0" timestamp="2025-02-25T07:06:18 GMT+08:00" skipped="0">
  <testcase classname="testcase.Recruitment.CandidatesTest" name="TC0_Recruitment_Candidates_Action_isViewProfileBtnWorking" time="20.142"/>
</testsuite> <!-- testcase.Recruitment.CandidatesTest -->
