<?xml version="1.0" encoding="UTF-8"?>
<!-- Generated by org.testng.reporters.JUnitReportReporter -->
<testsuite hostname="romrobillos" failures="0" tests="1" name="testcase.DashboardTest" time="13.761" errors="0" timestamp="2025-02-09T05:51:40 GMT+08:00" skipped="0">
  <testcase classname="testcase.DashboardTest" name="TC008_timeAtWork_stopwatch" time="13.761"/>
</testsuite> <!-- testcase.DashboardTest -->
