<?xml version="1.0" encoding="UTF-8"?>
<!-- Generated by org.testng.reporters.JUnitReportReporter -->
<testsuite hostname="romrobillos" failures="0" tests="1" name="testcase.DashboardTest" time="16.999" errors="0" timestamp="2025-02-10T02:46:44 GMT+08:00" skipped="0">
  <testcase classname="testcase.DashboardTest" name="TC018_employeesOnLeaveToday_Settings_Cancel" time="16.999"/>
</testsuite> <!-- testcase.DashboardTest -->
