<?xml version="1.0" encoding="UTF-8"?>
<!-- Generated by org.testng.reporters.JUnitReportReporter -->
<testsuite hostname="romrobillos" failures="0" tests="1" name="testcase.MyInfoTest" time="11.513" errors="0" timestamp="2025-02-10T06:54:32 GMT+08:00" skipped="0">
  <testcase classname="testcase.MyInfoTest" name="TC019_MyInfo_PersonalDetails" time="11.513"/>
</testsuite> <!-- testcase.MyInfoTest -->
