<?xml version="1.0" encoding="UTF-8"?>
<!-- Generated by org.testng.reporters.JUnitReportReporter -->
<testsuite hostname="romrobillos" failures="0" tests="1" name="testcase.PIM.EmployeeListTest" time="12.280" errors="0" timestamp="2025-03-15T03:07:40 GMT+08:00" skipped="0">
  <testcase classname="testcase.PIM.EmployeeListTest" name="TC0_PIM_EmployeeList_isEmployeeNameFiltered" time="12.280"/>
</testsuite> <!-- testcase.PIM.EmployeeListTest -->
