<?xml version="1.0" encoding="UTF-8"?>
<!-- Generated by org.testng.reporters.JUnitReportReporter -->
<testsuite hostname="romrobillos" failures="0" tests="1" name="testcase.UserDropDownTest" time="25.198" errors="0" timestamp="2025-03-08T07:19:41 GMT+08:00" skipped="0">
  <testcase classname="testcase.UserDropDownTest" name="TC001_ValidatePW" time="25.198"/>
</testsuite> <!-- testcase.UserDropDownTest -->
