<?xml version="1.0" encoding="UTF-8"?>
<!-- Generated by org.testng.reporters.JUnitReportReporter -->
<testsuite hostname="romrobillos" failures="0" tests="1" name="testcase.Recruitment.CandidatesTest" time="12.219" errors="0" timestamp="2025-02-23T07:16:54 GMT+08:00" skipped="0">
  <testcase classname="testcase.Recruitment.CandidatesTest" name="TC0_Recruitment_Candidates_isDateFiltered" time="12.219"/>
</testsuite> <!-- testcase.Recruitment.CandidatesTest -->
