<?xml version="1.0" encoding="UTF-8"?>
<!-- Generated by org.testng.reporters.JUnitReportReporter -->
<testsuite hostname="romrobillos" failures="0" tests="1" name="testcase.LoginTest" time="10.444" errors="0" timestamp="2025-02-18T05:32:31 GMT+08:00" skipped="0">
  <testcase classname="testcase.LoginTest" name="TC007_toCancel" time="10.444"/>
</testsuite> <!-- testcase.LoginTest -->
