<?xml version="1.0" encoding="UTF-8"?>
<!-- Generated by org.testng.reporters.JUnitReportReporter -->
<testsuite hostname="romrobillos" failures="0" tests="1" name="testcase.PIM.ReportsTest" time="24.450" errors="0" timestamp="2025-05-29T11:41:50 GMT+08:00" skipped="0">
  <testcase classname="testcase.PIM.ReportsTest" name="TC0_PIM_EmployeeList_isReportAdded" time="24.450"/>
</testsuite> <!-- testcase.PIM.ReportsTest -->
