<?xml version="1.0" encoding="UTF-8"?>
<!-- Generated by org.testng.reporters.JUnitReportReporter -->
<testsuite hostname="romrobillos" failures="0" tests="1" name="testcase.Recruitment.VacanciesTest" time="15.927" errors="0" timestamp="2025-03-07T03:03:12 GMT+08:00" skipped="0">
  <testcase classname="testcase.Recruitment.VacanciesTest" name="TC0_Recruitment_Candidates_isStatusFiltered" time="15.927"/>
</testsuite> <!-- testcase.Recruitment.VacanciesTest -->
