<?xml version="1.0" encoding="UTF-8"?>
<!-- Generated by org.testng.reporters.JUnitReportReporter -->
<testsuite hostname="romrobillos" failures="0" tests="1" name="testcase.MyInfo.ContactDetailsTest" time="20.979" errors="0" timestamp="2025-03-04T04:31:44 GMT+08:00" skipped="0">
  <testcase classname="testcase.MyInfo.ContactDetailsTest" name="TC019_MyInfo_PersonalDetails_Edit" time="20.979"/>
</testsuite> <!-- testcase.MyInfo.ContactDetailsTest -->
