<?xml version="1.0" encoding="UTF-8"?>
<!-- Generated by org.testng.reporters.JUnitReportReporter -->
<testsuite hostname="romrobillos" failures="0" tests="1" name="testcase.DashboardTest" time="9.860" errors="0" timestamp="2025-03-30T00:52:30 GMT+08:00" skipped="0">
  <testcase classname="testcase.DashboardTest" name="TC016_employeesOnLeaveToday_Settings_Toggle" time="9.860"/>
</testsuite> <!-- testcase.DashboardTest -->
