<?xml version="1.0" encoding="UTF-8"?>
<!-- Generated by org.testng.reporters.JUnitReportReporter -->
<testsuite hostname="romrobillos" failures="0" tests="1" name="testcase.DashboardTest" time="16.087" errors="0" timestamp="2025-02-19T01:33:24 GMT+08:00" skipped="0">
  <testcase classname="testcase.DashboardTest" name="TC016_employeesOnLeaveToday_Settings_Toggle" time="16.087"/>
</testsuite> <!-- testcase.DashboardTest -->
