<?xml version="1.0" encoding="UTF-8"?>
<!-- Generated by org.testng.reporters.JUnitReportReporter -->
<testsuite hostname="romrobillos" failures="0" tests="1" name="testcase.DashboardTest" time="9.583" errors="0" timestamp="2025-03-26T23:06:08 GMT+08:00" skipped="0">
  <testcase classname="testcase.DashboardTest" name="TC016_employeesOnLeaveToday_Settings_Toggle" time="9.583"/>
</testsuite> <!-- testcase.DashboardTest -->
