<?xml version="1.0" encoding="UTF-8"?>
<!-- Generated by org.testng.reporters.JUnitReportReporter -->
<testsuite hostname="romrobillos" failures="0" tests="1" name="testcase.PIM.EmployeeListTest" time="11.536" errors="0" timestamp="2025-03-24T22:44:25 GMT+08:00" skipped="0">
  <testcase classname="testcase.PIM.EmployeeListTest" name="TC0_PIM_EmployeeList_isAtAddEmployee" time="11.536"/>
</testsuite> <!-- testcase.PIM.EmployeeListTest -->
