<?xml version="1.0" encoding="UTF-8"?>
<!-- Generated by org.testng.reporters.JUnitReportReporter -->
<testsuite hostname="romrobillos" failures="0" tests="1" name="testcase.MyInfo.PersonalDetailsTest" time="11.810" errors="0" timestamp="2025-02-14T01:06:30 GMT+08:00" skipped="0">
  <testcase classname="testcase.MyInfo.PersonalDetailsTest" name="TC019_MyInfo_PersonalDetails" time="11.810"/>
</testsuite> <!-- testcase.MyInfo.PersonalDetailsTest -->
