<?xml version="1.0" encoding="UTF-8"?>
<!-- Generated by org.testng.reporters.JUnitReportReporter -->
<testsuite hostname="romrobillos" failures="0" tests="1" name="testcase.LoginTest" time="9.645" errors="0" timestamp="2025-02-05T05:42:59 GMT+08:00" skipped="0">
  <testcase classname="testcase.LoginTest" name="TC006_toCancel" time="9.645"/>
</testsuite> <!-- testcase.LoginTest -->
