<?xml version="1.0" encoding="UTF-8"?>
<!-- Generated by org.testng.reporters.JUnitReportReporter -->
<testsuite hostname="romrobillos" failures="0" tests="1" name="testcase.MyInfo.ContactDetailsTest" time="13.361" errors="0" timestamp="2025-02-14T03:51:16 GMT+08:00" skipped="0">
  <testcase classname="testcase.MyInfo.ContactDetailsTest" name="TC020_MyInfo_ContactDetails" time="13.361"/>
</testsuite> <!-- testcase.MyInfo.ContactDetailsTest -->
