<?xml version="1.0" encoding="UTF-8"?>
<!-- Generated by org.testng.reporters.JUnitReportReporter -->
<testsuite hostname="romrobillos" failures="0" tests="1" name="testcase.PIM.AddEmployeeTest" time="25.220" errors="0" timestamp="2025-03-27T23:25:47 GMT+08:00" skipped="0">
  <testcase classname="testcase.PIM.AddEmployeeTest" name="TC0_PIM_EmployeeList_verifyAddPhoto" time="25.220"/>
</testsuite> <!-- testcase.PIM.AddEmployeeTest -->
