<?xml version="1.0" encoding="UTF-8"?>
<!-- Generated by org.testng.reporters.JUnitReportReporter -->
<testsuite hostname="romrobillos" failures="0" tests="1" name="testcase.MyInfo.EmergencyContactsTest" time="15.883" errors="0" timestamp="2025-02-18T02:42:03 GMT+08:00" skipped="0">
  <testcase classname="testcase.MyInfo.EmergencyContactsTest" name="TC0_MyInfo_EmergencyContacts_AddEmergencyContact" time="15.883"/>
</testsuite> <!-- testcase.MyInfo.EmergencyContactsTest -->
