<?xml version="1.0" encoding="UTF-8"?>
<!-- Generated by org.testng.reporters.JUnitReportReporter -->
<testsuite hostname="romrobillos" failures="0" tests="1" name="testcase.MyInfo.ContactDetailsTest" time="18.414" errors="0" timestamp="2025-02-16T06:22:51 GMT+08:00" skipped="0">
  <testcase classname="testcase.MyInfo.ContactDetailsTest" name="TC019_MyInfo_PersonalDetails_Edit" time="18.414"/>
</testsuite> <!-- testcase.MyInfo.ContactDetailsTest -->
