<?xml version="1.0" encoding="UTF-8"?>
<!-- Generated by org.testng.reporters.JUnitReportReporter -->
<testsuite hostname="romrobillos" failures="0" tests="1" name="testcase.LoginTest" time="7.421" errors="0" timestamp="2025-03-05T01:51:00 GMT+08:00" skipped="0">
  <testcase classname="testcase.LoginTest" name="TC001_toLogin" time="7.421"/>
</testsuite> <!-- testcase.LoginTest -->
