<?xml version="1.0" encoding="UTF-8"?>
<!-- Generated by org.testng.reporters.JUnitReportReporter -->
<testsuite hostname="romrobillos" failures="0" tests="1" name="testcase.MyInfo.PersonalDetailsTest" time="11.126" errors="0" timestamp="2025-02-19T05:54:09 GMT+08:00" skipped="0">
  <testcase classname="testcase.MyInfo.PersonalDetailsTest" name="TC020_MyInfo_PersonalDetails_isCorrect" time="11.126"/>
</testsuite> <!-- testcase.MyInfo.PersonalDetailsTest -->
