<?xml version="1.0" encoding="UTF-8"?>
<!-- Generated by org.testng.reporters.JUnitReportReporter -->
<testsuite hostname="romrobillos" failures="0" tests="1" name="testcase.Recruitment.CandidatesTest" time="11.538" errors="0" timestamp="2025-02-24T06:11:07 GMT+08:00" skipped="0">
  <testcase classname="testcase.Recruitment.CandidatesTest" name="TC0_Recruitment_Candidates_isCandidateFiltered" time="11.538"/>
</testsuite> <!-- testcase.Recruitment.CandidatesTest -->
