<?xml version="1.0" encoding="UTF-8"?>
<!-- Generated by org.testng.reporters.JUnitReportReporter -->
<testsuite hostname="romrobillos" failures="0" tests="1" name="testcase.PIM.ReportsTest" time="19.723" errors="0" timestamp="2025-04-04T02:39:53 GMT+08:00" skipped="0">
  <testcase classname="testcase.PIM.ReportsTest" name="TC0_PIM_EmployeeList_toAddReport" time="19.723"/>
</testsuite> <!-- testcase.PIM.ReportsTest -->
